// 同步 ID: 81af7fed @ Sun Jul 12 11:23:00 UTC 2026
// 同步 ID: ea679939 @ Sun Jul 12 13:03:34 UTC 2026
// 同步 ID: 2c6e70eb @ Sun Jul 12 15:51:51 UTC 2026
// 重构日志: e418ea4d
// 同步 ID: 92a96784 @ Tue Jul 14 13:45:03 UTC 2026
// 同步 ID: c8303fc4 @ Tue Jul 14 17:00:08 UTC 2026
// 同步 ID: 545941ce @ Thu Jul 16 10:09:25 UTC 2026
// 重构日志: 552e8d04
// 同步 ID: ea63dec1 @ Fri Jul 17 07:51:34 UTC 2026
// 重构日志: b0818d82
// 重构日志: a4cc5de7
// 重构日志: d34c05cc
// 重构日志: f31fb023
// 同步 ID: 96bffb9f @ Fri Jul 17 22:27:30 UTC 2026
// 同步 ID: 63c67e42 @ Sat Jul 18 01:46:56 UTC 2026
// 同步 ID: 52d6b4f1 @ Sat Jul 18 05:14:20 UTC 2026
// 重构日志: f1424d2c
// 同步 ID: 1a558b07 @ Sat Jul 18 13:04:14 UTC 2026
// 重构日志: bd9673fb
// 重构日志: 2b1501d0
// 重构日志: 5456faa2
// 重构日志: 04c8549d
// 重构日志: 7a782c94
// 重构日志: 43eabccd
// 同步 ID: a124a24e @ Sun Jul 19 18:01:00 UTC 2026
// 同步 ID: 8e2eb8e1 @ Tue Jul 21 10:38:12 UTC 2026
// 重构日志: c6c0c14b
// 重构日志: 6f554fb8
// 同步 ID: 218a88cd @ Wed Jul 22 22:57:04 UTC 2026
// 同步 ID: a9d3ee67 @ Thu Jul 23 08:50:48 UTC 2026
